[0.141s] DEBUG:colcon:Command line arguments: ['/usr/bin/colcon', 'build']
[0.141s] DEBUG:colcon:Parsed command line arguments: Namespace(log_base=None, log_level=None, verb_name='build', build_base='build', install_base='install', merge_install=False, symlink_install=False, test_result_base=None, continue_on_error=False, executor='parallel', parallel_workers=2, event_handlers=None, ignore_user_meta=False, metas=['./colcon.meta'], base_paths=['.'], packages_ignore=None, packages_ignore_regex=None, paths=None, packages_up_to=None, packages_up_to_regex=None, packages_above=None, packages_above_and_dependencies=None, packages_above_depth=None, packages_select_by_dep=None, packages_skip_by_dep=None, packages_skip_up_to=None, packages_select_build_failed=False, packages_skip_build_finished=False, packages_select_test_failures=False, packages_skip_test_passed=False, packages_select=None, packages_skip=None, packages_select_regex=None, packages_skip_regex=None, packages_start=None, packages_end=None, allow_overriding=[], cmake_args=None, cmake_target=None, cmake_target_skip_unavailable=False, cmake_clean_cache=False, cmake_clean_first=False, cmake_force_configure=False, ament_cmake_args=None, catkin_cmake_args=None, catkin_skip_building_tests=False, verb_parser=<colcon_defaults.argument_parser.defaults.DefaultArgumentsDecorator object at 0x787ba4053ce0>, verb_extension=<colcon_core.verb.build.BuildVerb object at 0x787ba41c5dc0>, main=<bound method BuildVerb.main of <colcon_core.verb.build.BuildVerb object at 0x787ba41c5dc0>>)
[0.201s] Level 1:colcon.colcon_core.package_discovery:discover_packages(colcon_meta) check parameters
[0.201s] Level 1:colcon.colcon_core.package_discovery:discover_packages(recursive) check parameters
[0.201s] Level 1:colcon.colcon_core.package_discovery:discover_packages(ignore) check parameters
[0.201s] Level 1:colcon.colcon_core.package_discovery:discover_packages(path) check parameters
[0.201s] Level 1:colcon.colcon_core.package_discovery:discover_packages(colcon_meta) discover
[0.201s] Level 1:colcon.colcon_core.package_discovery:discover_packages(recursive) discover
[0.201s] INFO:colcon.colcon_core.package_discovery:Crawling recursively for packages in '/home/ros-vm/describe_urdf_ws/urdf_example'
[0.201s] Level 1:colcon.colcon_core.package_identification:_identify(.) by extensions ['ignore', 'ignore_ament_install']
[0.201s] Level 1:colcon.colcon_core.package_identification:_identify(.) by extension 'ignore'
[0.201s] Level 1:colcon.colcon_core.package_identification:_identify(.) by extension 'ignore_ament_install'
[0.201s] Level 1:colcon.colcon_core.package_identification:_identify(.) by extensions ['colcon_pkg']
[0.201s] Level 1:colcon.colcon_core.package_identification:_identify(.) by extension 'colcon_pkg'
[0.201s] Level 1:colcon.colcon_core.package_identification:_identify(.) by extensions ['colcon_meta']
[0.201s] Level 1:colcon.colcon_core.package_identification:_identify(.) by extension 'colcon_meta'
[0.201s] Level 1:colcon.colcon_core.package_identification:_identify(.) by extensions ['ros']
[0.201s] Level 1:colcon.colcon_core.package_identification:_identify(.) by extension 'ros'
[0.222s] DEBUG:colcon.colcon_core.package_identification:Package '.' with type 'ros.ament_cmake' and name 'urdf_example'
[0.222s] Level 1:colcon.colcon_core.package_discovery:discover_packages(recursive) using defaults
[0.223s] Level 1:colcon.colcon_core.package_discovery:discover_packages(ignore) discover
[0.223s] Level 1:colcon.colcon_core.package_discovery:discover_packages(ignore) using defaults
[0.223s] Level 1:colcon.colcon_core.package_discovery:discover_packages(path) discover
[0.223s] Level 1:colcon.colcon_core.package_discovery:discover_packages(path) using defaults
[0.265s] Level 1:colcon.colcon_core.package_discovery:discover_packages(prefix_path) check parameters
[0.265s] Level 1:colcon.colcon_core.package_discovery:discover_packages(prefix_path) discover
[0.267s] DEBUG:colcon.colcon_installed_package_information.package_discovery:Found 322 installed packages in /opt/ros/kilted
[0.268s] Level 1:colcon.colcon_core.package_discovery:discover_packages(prefix_path) using defaults
[0.303s] Level 5:colcon.colcon_core.verb:set package 'urdf_example' build argument 'cmake_args' from command line to 'None'
[0.303s] Level 5:colcon.colcon_core.verb:set package 'urdf_example' build argument 'cmake_target' from command line to 'None'
[0.303s] Level 5:colcon.colcon_core.verb:set package 'urdf_example' build argument 'cmake_target_skip_unavailable' from command line to 'False'
[0.303s] Level 5:colcon.colcon_core.verb:set package 'urdf_example' build argument 'cmake_clean_cache' from command line to 'False'
[0.303s] Level 5:colcon.colcon_core.verb:set package 'urdf_example' build argument 'cmake_clean_first' from command line to 'False'
[0.303s] Level 5:colcon.colcon_core.verb:set package 'urdf_example' build argument 'cmake_force_configure' from command line to 'False'
[0.303s] Level 5:colcon.colcon_core.verb:set package 'urdf_example' build argument 'ament_cmake_args' from command line to 'None'
[0.303s] Level 5:colcon.colcon_core.verb:set package 'urdf_example' build argument 'catkin_cmake_args' from command line to 'None'
[0.303s] Level 5:colcon.colcon_core.verb:set package 'urdf_example' build argument 'catkin_skip_building_tests' from command line to 'False'
[0.303s] DEBUG:colcon.colcon_core.verb:Building package 'urdf_example' with the following arguments: {'ament_cmake_args': None, 'build_base': '/home/ros-vm/describe_urdf_ws/urdf_example/build/urdf_example', 'catkin_cmake_args': None, 'catkin_skip_building_tests': False, 'cmake_args': None, 'cmake_clean_cache': False, 'cmake_clean_first': False, 'cmake_force_configure': False, 'cmake_target': None, 'cmake_target_skip_unavailable': False, 'install_base': '/home/ros-vm/describe_urdf_ws/urdf_example/install/urdf_example', 'merge_install': False, 'path': '/home/ros-vm/describe_urdf_ws/urdf_example', 'symlink_install': False, 'test_result_base': None}
[0.303s] INFO:colcon.colcon_core.executor:Executing jobs using 'parallel' executor
[0.304s] DEBUG:colcon.colcon_parallel_executor.executor.parallel:run_until_complete
[0.305s] INFO:colcon.colcon_ros.task.ament_cmake.build:Building ROS package in '/home/ros-vm/describe_urdf_ws/urdf_example' with build type 'ament_cmake'
[0.305s] INFO:colcon.colcon_cmake.task.cmake.build:Building CMake package in '/home/ros-vm/describe_urdf_ws/urdf_example'
[0.307s] INFO:colcon.colcon_core.plugin_system:Skipping extension 'colcon_core.shell.bat': Not used on non-Windows systems
[0.307s] INFO:colcon.colcon_core.shell:Skip shell extension 'powershell' for command environment: Not usable outside of PowerShell
[0.307s] DEBUG:colcon.colcon_core.shell:Skip shell extension 'dsv' for command environment
[0.320s] DEBUG:colcon.colcon_core.event_handler.log_command:Invoking command in '/home/ros-vm/describe_urdf_ws/urdf_example/build/urdf_example': CMAKE_PREFIX_PATH=${CMAKE_PREFIX_PATH}:/opt/ros/kilted DEBUGINFOD_URLS=https://debuginfod.ubuntu.com /usr/bin/cmake --build /home/ros-vm/describe_urdf_ws/urdf_example/build/urdf_example -- -j2 -l2
[0.972s] DEBUG:colcon.colcon_core.event_handler.log_command:Invoked command in '/home/ros-vm/describe_urdf_ws/urdf_example/build/urdf_example' returned '0': CMAKE_PREFIX_PATH=${CMAKE_PREFIX_PATH}:/opt/ros/kilted DEBUGINFOD_URLS=https://debuginfod.ubuntu.com /usr/bin/cmake --build /home/ros-vm/describe_urdf_ws/urdf_example/build/urdf_example -- -j2 -l2
[0.983s] DEBUG:colcon.colcon_core.event_handler.log_command:Invoking command in '/home/ros-vm/describe_urdf_ws/urdf_example/build/urdf_example': CMAKE_PREFIX_PATH=${CMAKE_PREFIX_PATH}:/opt/ros/kilted DEBUGINFOD_URLS=https://debuginfod.ubuntu.com /usr/bin/cmake --install /home/ros-vm/describe_urdf_ws/urdf_example/build/urdf_example
[1.003s] Level 1:colcon.colcon_core.environment:create_environment_scripts_only(urdf_example)
[1.004s] DEBUG:colcon.colcon_core.event_handler.log_command:Invoked command in '/home/ros-vm/describe_urdf_ws/urdf_example/build/urdf_example' returned '0': CMAKE_PREFIX_PATH=${CMAKE_PREFIX_PATH}:/opt/ros/kilted DEBUGINFOD_URLS=https://debuginfod.ubuntu.com /usr/bin/cmake --install /home/ros-vm/describe_urdf_ws/urdf_example/build/urdf_example
[1.008s] Level 1:colcon.colcon_core.environment:checking '/home/ros-vm/describe_urdf_ws/urdf_example/install/urdf_example' for CMake module files
[1.008s] Level 1:colcon.colcon_core.environment:checking '/home/ros-vm/describe_urdf_ws/urdf_example/install/urdf_example' for CMake config files
[1.009s] Level 1:colcon.colcon_core.shell:create_environment_hook('urdf_example', 'cmake_prefix_path')
[1.009s] INFO:colcon.colcon_core.shell:Creating environment hook '/home/ros-vm/describe_urdf_ws/urdf_example/install/urdf_example/share/urdf_example/hook/cmake_prefix_path.ps1'
[1.009s] INFO:colcon.colcon_core.shell:Creating environment descriptor '/home/ros-vm/describe_urdf_ws/urdf_example/install/urdf_example/share/urdf_example/hook/cmake_prefix_path.dsv'
[1.010s] INFO:colcon.colcon_core.shell:Creating environment hook '/home/ros-vm/describe_urdf_ws/urdf_example/install/urdf_example/share/urdf_example/hook/cmake_prefix_path.sh'
[1.011s] Level 1:colcon.colcon_core.environment:checking '/home/ros-vm/describe_urdf_ws/urdf_example/install/urdf_example/bin'
[1.011s] Level 1:colcon.colcon_core.environment:checking '/home/ros-vm/describe_urdf_ws/urdf_example/install/urdf_example/lib/pkgconfig/urdf_example.pc'
[1.011s] Level 1:colcon.colcon_core.environment:checking '/home/ros-vm/describe_urdf_ws/urdf_example/install/urdf_example/lib/python3.12/site-packages'
[1.011s] Level 1:colcon.colcon_core.environment:checking '/home/ros-vm/describe_urdf_ws/urdf_example/install/urdf_example/bin'
[1.011s] INFO:colcon.colcon_core.shell:Creating package script '/home/ros-vm/describe_urdf_ws/urdf_example/install/urdf_example/share/urdf_example/package.ps1'
[1.012s] INFO:colcon.colcon_core.shell:Creating package descriptor '/home/ros-vm/describe_urdf_ws/urdf_example/install/urdf_example/share/urdf_example/package.dsv'
[1.012s] INFO:colcon.colcon_core.shell:Creating package script '/home/ros-vm/describe_urdf_ws/urdf_example/install/urdf_example/share/urdf_example/package.sh'
[1.013s] INFO:colcon.colcon_core.shell:Creating package script '/home/ros-vm/describe_urdf_ws/urdf_example/install/urdf_example/share/urdf_example/package.bash'
[1.014s] INFO:colcon.colcon_core.shell:Creating package script '/home/ros-vm/describe_urdf_ws/urdf_example/install/urdf_example/share/urdf_example/package.zsh'
[1.014s] Level 1:colcon.colcon_core.environment:create_file_with_runtime_dependencies(/home/ros-vm/describe_urdf_ws/urdf_example/install/urdf_example/share/colcon-core/packages/urdf_example)
[1.014s] Level 1:colcon.colcon_core.environment:create_environment_scripts_only(urdf_example)
[1.015s] Level 1:colcon.colcon_core.environment:checking '/home/ros-vm/describe_urdf_ws/urdf_example/install/urdf_example' for CMake module files
[1.015s] Level 1:colcon.colcon_core.environment:checking '/home/ros-vm/describe_urdf_ws/urdf_example/install/urdf_example' for CMake config files
[1.015s] Level 1:colcon.colcon_core.shell:create_environment_hook('urdf_example', 'cmake_prefix_path')
[1.015s] INFO:colcon.colcon_core.shell:Creating environment hook '/home/ros-vm/describe_urdf_ws/urdf_example/install/urdf_example/share/urdf_example/hook/cmake_prefix_path.ps1'
[1.016s] INFO:colcon.colcon_core.shell:Creating environment descriptor '/home/ros-vm/describe_urdf_ws/urdf_example/install/urdf_example/share/urdf_example/hook/cmake_prefix_path.dsv'
[1.016s] INFO:colcon.colcon_core.shell:Creating environment hook '/home/ros-vm/describe_urdf_ws/urdf_example/install/urdf_example/share/urdf_example/hook/cmake_prefix_path.sh'
[1.017s] Level 1:colcon.colcon_core.environment:checking '/home/ros-vm/describe_urdf_ws/urdf_example/install/urdf_example/bin'
[1.017s] Level 1:colcon.colcon_core.environment:checking '/home/ros-vm/describe_urdf_ws/urdf_example/install/urdf_example/lib/pkgconfig/urdf_example.pc'
[1.017s] Level 1:colcon.colcon_core.environment:checking '/home/ros-vm/describe_urdf_ws/urdf_example/install/urdf_example/lib/python3.12/site-packages'
[1.018s] Level 1:colcon.colcon_core.environment:checking '/home/ros-vm/describe_urdf_ws/urdf_example/install/urdf_example/bin'
[1.018s] INFO:colcon.colcon_core.shell:Creating package script '/home/ros-vm/describe_urdf_ws/urdf_example/install/urdf_example/share/urdf_example/package.ps1'
[1.019s] INFO:colcon.colcon_core.shell:Creating package descriptor '/home/ros-vm/describe_urdf_ws/urdf_example/install/urdf_example/share/urdf_example/package.dsv'
[1.019s] INFO:colcon.colcon_core.shell:Creating package script '/home/ros-vm/describe_urdf_ws/urdf_example/install/urdf_example/share/urdf_example/package.sh'
[1.020s] INFO:colcon.colcon_core.shell:Creating package script '/home/ros-vm/describe_urdf_ws/urdf_example/install/urdf_example/share/urdf_example/package.bash'
[1.020s] INFO:colcon.colcon_core.shell:Creating package script '/home/ros-vm/describe_urdf_ws/urdf_example/install/urdf_example/share/urdf_example/package.zsh'
[1.020s] Level 1:colcon.colcon_core.environment:create_file_with_runtime_dependencies(/home/ros-vm/describe_urdf_ws/urdf_example/install/urdf_example/share/colcon-core/packages/urdf_example)
[1.021s] DEBUG:colcon.colcon_parallel_executor.executor.parallel:closing loop
[1.021s] DEBUG:colcon.colcon_parallel_executor.executor.parallel:loop closed
[1.021s] DEBUG:colcon.colcon_parallel_executor.executor.parallel:run_until_complete finished with '0'
[1.021s] DEBUG:colcon.colcon_core.event_reactor:joining thread
[1.026s] INFO:colcon.colcon_core.plugin_system:Skipping extension 'colcon_notification.desktop_notification.terminal_notifier': Not used on non-Darwin systems
[1.026s] INFO:colcon.colcon_core.plugin_system:Skipping extension 'colcon_notification.desktop_notification.win32': Not used on non-Windows systems
[1.026s] INFO:colcon.colcon_notification.desktop_notification:Sending desktop notification using 'notify2'
[1.165s] DEBUG:colcon.colcon_core.event_reactor:joined thread
[1.165s] INFO:colcon.colcon_core.shell:Creating prefix script '/home/ros-vm/describe_urdf_ws/urdf_example/install/local_setup.ps1'
[1.168s] INFO:colcon.colcon_core.shell:Creating prefix util module '/home/ros-vm/describe_urdf_ws/urdf_example/install/_local_setup_util_ps1.py'
[1.169s] INFO:colcon.colcon_core.shell:Creating prefix chain script '/home/ros-vm/describe_urdf_ws/urdf_example/install/setup.ps1'
[1.170s] INFO:colcon.colcon_core.shell:Creating prefix script '/home/ros-vm/describe_urdf_ws/urdf_example/install/local_setup.sh'
[1.170s] INFO:colcon.colcon_core.shell:Creating prefix util module '/home/ros-vm/describe_urdf_ws/urdf_example/install/_local_setup_util_sh.py'
[1.171s] INFO:colcon.colcon_core.shell:Creating prefix chain script '/home/ros-vm/describe_urdf_ws/urdf_example/install/setup.sh'
[1.172s] INFO:colcon.colcon_core.shell:Creating prefix script '/home/ros-vm/describe_urdf_ws/urdf_example/install/local_setup.bash'
[1.172s] INFO:colcon.colcon_core.shell:Creating prefix chain script '/home/ros-vm/describe_urdf_ws/urdf_example/install/setup.bash'
[1.173s] INFO:colcon.colcon_core.shell:Creating prefix script '/home/ros-vm/describe_urdf_ws/urdf_example/install/local_setup.zsh'
[1.173s] INFO:colcon.colcon_core.shell:Creating prefix chain script '/home/ros-vm/describe_urdf_ws/urdf_example/install/setup.zsh'
