[0.007s] Invoking command in '/home/ros-vm/describe_urdf_ws/urdf_example/build/urdf_example': CMAKE_PREFIX_PATH=${CMAKE_PREFIX_PATH}:/opt/ros/kilted DEBUGINFOD_URLS=https://debuginfod.ubuntu.com /usr/bin/cmake --build /home/ros-vm/describe_urdf_ws/urdf_example/build/urdf_example -- -j2 -l2
[0.040s] Invoked command in '/home/ros-vm/describe_urdf_ws/urdf_example/build/urdf_example' returned '0': CMAKE_PREFIX_PATH=${CMAKE_PREFIX_PATH}:/opt/ros/kilted DEBUGINFOD_URLS=https://debuginfod.ubuntu.com /usr/bin/cmake --build /home/ros-vm/describe_urdf_ws/urdf_example/build/urdf_example -- -j2 -l2
[0.048s] Invoking command in '/home/ros-vm/describe_urdf_ws/urdf_example/build/urdf_example': CMAKE_PREFIX_PATH=${CMAKE_PREFIX_PATH}:/opt/ros/kilted DEBUGINFOD_URLS=https://debuginfod.ubuntu.com /usr/bin/cmake --install /home/ros-vm/describe_urdf_ws/urdf_example/build/urdf_example
[0.055s] -- Install configuration: ""
[0.055s] -- Up-to-date: /home/ros-vm/describe_urdf_ws/urdf_example/install/urdf_example/share/urdf_example/description
[0.055s] -- Up-to-date: /home/ros-vm/describe_urdf_ws/urdf_example/install/urdf_example/share/urdf_example/description/example_include.xacro
[0.055s] -- Up-to-date: /home/ros-vm/describe_urdf_ws/urdf_example/install/urdf_example/share/urdf_example/description/example_gazebo.xacro
[0.056s] -- Up-to-date: /home/ros-vm/describe_urdf_ws/urdf_example/install/urdf_example/share/urdf_example/description/example_robot.urdf.xacro
[0.056s] -- Up-to-date: /home/ros-vm/describe_urdf_ws/urdf_example/install/urdf_example/share/urdf_example/launch
[0.057s] -- Up-to-date: /home/ros-vm/describe_urdf_ws/urdf_example/install/urdf_example/share/urdf_example/launch/rsp.launch.py
[0.058s] -- Up-to-date: /home/ros-vm/describe_urdf_ws/urdf_example/install/urdf_example/share/urdf_example/launch/rsp_sim.launch.py
[0.059s] -- Up-to-date: /home/ros-vm/describe_urdf_ws/urdf_example/install/urdf_example/share/urdf_example/worlds
[0.059s] -- Up-to-date: /home/ros-vm/describe_urdf_ws/urdf_example/install/urdf_example/share/urdf_example/worlds/test_world.world
[0.060s] -- Up-to-date: /home/ros-vm/describe_urdf_ws/urdf_example/install/urdf_example/share/ament_index/resource_index/package_run_dependencies/urdf_example
[0.061s] -- Up-to-date: /home/ros-vm/describe_urdf_ws/urdf_example/install/urdf_example/share/ament_index/resource_index/parent_prefix_path/urdf_example
[0.061s] -- Up-to-date: /home/ros-vm/describe_urdf_ws/urdf_example/install/urdf_example/share/urdf_example/environment/ament_prefix_path.sh
[0.062s] -- Up-to-date: /home/ros-vm/describe_urdf_ws/urdf_example/install/urdf_example/share/urdf_example/environment/ament_prefix_path.dsv
[0.063s] -- Up-to-date: /home/ros-vm/describe_urdf_ws/urdf_example/install/urdf_example/share/urdf_example/environment/path.sh
[0.065s] -- Up-to-date: /home/ros-vm/describe_urdf_ws/urdf_example/install/urdf_example/share/urdf_example/environment/path.dsv
[0.065s] -- Up-to-date: /home/ros-vm/describe_urdf_ws/urdf_example/install/urdf_example/share/urdf_example/local_setup.bash
[0.066s] -- Up-to-date: /home/ros-vm/describe_urdf_ws/urdf_example/install/urdf_example/share/urdf_example/local_setup.sh
[0.067s] -- Up-to-date: /home/ros-vm/describe_urdf_ws/urdf_example/install/urdf_example/share/urdf_example/local_setup.zsh
[0.068s] -- Up-to-date: /home/ros-vm/describe_urdf_ws/urdf_example/install/urdf_example/share/urdf_example/local_setup.dsv
[0.069s] -- Installing: /home/ros-vm/describe_urdf_ws/urdf_example/install/urdf_example/share/urdf_example/package.dsv
[0.069s] -- Up-to-date: /home/ros-vm/describe_urdf_ws/urdf_example/install/urdf_example/share/ament_index/resource_index/packages/urdf_example
[0.070s] -- Up-to-date: /home/ros-vm/describe_urdf_ws/urdf_example/install/urdf_example/share/urdf_example/cmake/urdf_exampleConfig.cmake
[0.071s] -- Up-to-date: /home/ros-vm/describe_urdf_ws/urdf_example/install/urdf_example/share/urdf_example/cmake/urdf_exampleConfig-version.cmake
[0.072s] -- Up-to-date: /home/ros-vm/describe_urdf_ws/urdf_example/install/urdf_example/share/urdf_example/package.xml
[0.073s] Invoked command in '/home/ros-vm/describe_urdf_ws/urdf_example/build/urdf_example' returned '0': CMAKE_PREFIX_PATH=${CMAKE_PREFIX_PATH}:/opt/ros/kilted DEBUGINFOD_URLS=https://debuginfod.ubuntu.com /usr/bin/cmake --install /home/ros-vm/describe_urdf_ws/urdf_example/build/urdf_example
