[0.014s] Invoking command in '/home/ros-vm/describe_urdf_ws/urdf_example/build/urdf_example': CMAKE_PREFIX_PATH=${CMAKE_PREFIX_PATH}:/opt/ros/kilted DEBUGINFOD_URLS=https://debuginfod.ubuntu.com /usr/bin/cmake --build /home/ros-vm/describe_urdf_ws/urdf_example/build/urdf_example -- -j2 -l2
[0.133s] -- Found ament_cmake: 2.7.3 (/opt/ros/kilted/share/ament_cmake/cmake)
[0.393s] -- Found ament_lint_auto: 0.19.2 (/opt/ros/kilted/share/ament_lint_auto/cmake)
[0.502s] -- Added test 'copyright' to check source files copyright and LICENSE
[0.527s] -- Added test 'cppcheck' to perform static code analysis on C / C++ code
[0.527s] -- Configured cppcheck include dirs: 
[0.528s] -- Configured cppcheck exclude dirs and/or files: 
[0.552s] -- Added test 'cpplint' to check C / C++ code against the Google style
[0.552s] -- Configured cpplint exclude dirs and/or files: 
[0.555s] -- Added test 'flake8' to check Python code syntax and style conventions
[0.556s] -- Configured 'flake8' exclude dirs and/or files: 
[0.562s] -- Added test 'lint_cmake' to check CMake code style
[0.566s] -- Added test 'pep257' to check Python code against some of the docstring style conventions in PEP 257
[0.590s] -- Added test 'uncrustify' to check C / C++ code style
[0.590s] -- Configured uncrustify additional arguments: 
[0.593s] -- Added test 'xmllint' to check XML markup files
[0.595s] -- Configuring done (0.5s)
[0.641s] -- Generating done (0.0s)
[0.642s] -- Build files have been written to: /home/ros-vm/describe_urdf_ws/urdf_example/build/urdf_example
[0.667s] Invoked command in '/home/ros-vm/describe_urdf_ws/urdf_example/build/urdf_example' returned '0': CMAKE_PREFIX_PATH=${CMAKE_PREFIX_PATH}:/opt/ros/kilted DEBUGINFOD_URLS=https://debuginfod.ubuntu.com /usr/bin/cmake --build /home/ros-vm/describe_urdf_ws/urdf_example/build/urdf_example -- -j2 -l2
[0.677s] Invoking command in '/home/ros-vm/describe_urdf_ws/urdf_example/build/urdf_example': CMAKE_PREFIX_PATH=${CMAKE_PREFIX_PATH}:/opt/ros/kilted DEBUGINFOD_URLS=https://debuginfod.ubuntu.com /usr/bin/cmake --install /home/ros-vm/describe_urdf_ws/urdf_example/build/urdf_example
[0.688s] -- Install configuration: ""
[0.689s] -- Up-to-date: /home/ros-vm/describe_urdf_ws/urdf_example/install/urdf_example/share/urdf_example/description
[0.689s] -- Up-to-date: /home/ros-vm/describe_urdf_ws/urdf_example/install/urdf_example/share/urdf_example/description/example_include.xacro
[0.689s] -- Up-to-date: /home/ros-vm/describe_urdf_ws/urdf_example/install/urdf_example/share/urdf_example/description/my_robot.sdf
[0.689s] -- Installing: /home/ros-vm/describe_urdf_ws/urdf_example/install/urdf_example/share/urdf_example/description/example_gazebo.xacro
[0.689s] -- Up-to-date: /home/ros-vm/describe_urdf_ws/urdf_example/install/urdf_example/share/urdf_example/description/example_robot.urdf.xacro
[0.689s] -- Up-to-date: /home/ros-vm/describe_urdf_ws/urdf_example/install/urdf_example/share/urdf_example/launch
[0.689s] -- Up-to-date: /home/ros-vm/describe_urdf_ws/urdf_example/install/urdf_example/share/urdf_example/launch/rsp.launch.py
[0.689s] -- Up-to-date: /home/ros-vm/describe_urdf_ws/urdf_example/install/urdf_example/share/urdf_example/launch/rsp_sim.launch.py
[0.689s] -- Up-to-date: /home/ros-vm/describe_urdf_ws/urdf_example/install/urdf_example/share/urdf_example/worlds
[0.690s] -- Up-to-date: /home/ros-vm/describe_urdf_ws/urdf_example/install/urdf_example/share/urdf_example/worlds/test_world.world
[0.690s] -- Installing: /home/ros-vm/describe_urdf_ws/urdf_example/install/urdf_example/share/urdf_example/worlds/empty.world
[0.691s] -- Up-to-date: /home/ros-vm/describe_urdf_ws/urdf_example/install/urdf_example/share/urdf_example/config
[0.691s] -- Installing: /home/ros-vm/describe_urdf_ws/urdf_example/install/urdf_example/share/urdf_example/config/gz_bridge.yaml
[0.691s] -- Up-to-date: /home/ros-vm/describe_urdf_ws/urdf_example/install/urdf_example/share/ament_index/resource_index/package_run_dependencies/urdf_example
[0.691s] -- Installing: /home/ros-vm/describe_urdf_ws/urdf_example/install/urdf_example/share/ament_index/resource_index/parent_prefix_path/urdf_example
[0.691s] -- Up-to-date: /home/ros-vm/describe_urdf_ws/urdf_example/install/urdf_example/share/urdf_example/environment/ament_prefix_path.sh
[0.692s] -- Up-to-date: /home/ros-vm/describe_urdf_ws/urdf_example/install/urdf_example/share/urdf_example/environment/ament_prefix_path.dsv
[0.692s] -- Up-to-date: /home/ros-vm/describe_urdf_ws/urdf_example/install/urdf_example/share/urdf_example/environment/path.sh
[0.692s] -- Up-to-date: /home/ros-vm/describe_urdf_ws/urdf_example/install/urdf_example/share/urdf_example/environment/path.dsv
[0.692s] -- Up-to-date: /home/ros-vm/describe_urdf_ws/urdf_example/install/urdf_example/share/urdf_example/local_setup.bash
[0.692s] -- Up-to-date: /home/ros-vm/describe_urdf_ws/urdf_example/install/urdf_example/share/urdf_example/local_setup.sh
[0.693s] -- Up-to-date: /home/ros-vm/describe_urdf_ws/urdf_example/install/urdf_example/share/urdf_example/local_setup.zsh
[0.693s] -- Up-to-date: /home/ros-vm/describe_urdf_ws/urdf_example/install/urdf_example/share/urdf_example/local_setup.dsv
[0.693s] -- Installing: /home/ros-vm/describe_urdf_ws/urdf_example/install/urdf_example/share/urdf_example/package.dsv
[0.693s] -- Up-to-date: /home/ros-vm/describe_urdf_ws/urdf_example/install/urdf_example/share/ament_index/resource_index/packages/urdf_example
[0.693s] -- Up-to-date: /home/ros-vm/describe_urdf_ws/urdf_example/install/urdf_example/share/urdf_example/cmake/urdf_exampleConfig.cmake
[0.693s] -- Up-to-date: /home/ros-vm/describe_urdf_ws/urdf_example/install/urdf_example/share/urdf_example/cmake/urdf_exampleConfig-version.cmake
[0.693s] -- Up-to-date: /home/ros-vm/describe_urdf_ws/urdf_example/install/urdf_example/share/urdf_example/package.xml
[0.698s] Invoked command in '/home/ros-vm/describe_urdf_ws/urdf_example/build/urdf_example' returned '0': CMAKE_PREFIX_PATH=${CMAKE_PREFIX_PATH}:/opt/ros/kilted DEBUGINFOD_URLS=https://debuginfod.ubuntu.com /usr/bin/cmake --install /home/ros-vm/describe_urdf_ws/urdf_example/build/urdf_example
