[0.007s] Invoking command in '/home/ros-vm/describe_urdf_ws/urdf_example/build/urdf_example': CMAKE_PREFIX_PATH=${CMAKE_PREFIX_PATH}:/opt/ros/kilted DEBUGINFOD_URLS=https://debuginfod.ubuntu.com /usr/bin/cmake /home/ros-vm/describe_urdf_ws/urdf_example -DCMAKE_INSTALL_PREFIX=/home/ros-vm/describe_urdf_ws/urdf_example/install/urdf_example
[0.052s] -- The C compiler identification is GNU 13.3.0
[0.099s] -- The CXX compiler identification is GNU 13.3.0
[0.113s] -- Detecting C compiler ABI info
[0.196s] -- Detecting C compiler ABI info - done
[0.204s] -- Check for working C compiler: /usr/bin/cc - skipped
[0.204s] -- Detecting C compile features
[0.204s] -- Detecting C compile features - done
[0.211s] -- Detecting CXX compiler ABI info
[0.291s] -- Detecting CXX compiler ABI info - done
[0.299s] -- Check for working CXX compiler: /usr/bin/c++ - skipped
[0.299s] -- Detecting CXX compile features
[0.299s] -- Detecting CXX compile features - done
[0.301s] -- Found ament_cmake: 2.7.3 (/opt/ros/kilted/share/ament_cmake/cmake)
[0.402s] -- Found Python3: /usr/bin/python3 (found version "3.12.3") found components: Interpreter 
[0.478s] -- Found ament_lint_auto: 0.19.2 (/opt/ros/kilted/share/ament_lint_auto/cmake)
[0.560s] -- Added test 'copyright' to check source files copyright and LICENSE
[0.567s] -- Added test 'cppcheck' to perform static code analysis on C / C++ code
[0.567s] -- Configured cppcheck include dirs: 
[0.568s] -- Configured cppcheck exclude dirs and/or files: 
[0.575s] -- Added test 'cpplint' to check C / C++ code against the Google style
[0.575s] -- Configured cpplint exclude dirs and/or files: 
[0.576s] -- Added test 'flake8' to check Python code syntax and style conventions
[0.576s] -- Configured 'flake8' exclude dirs and/or files: 
[0.578s] -- Added test 'lint_cmake' to check CMake code style
[0.579s] -- Added test 'pep257' to check Python code against some of the docstring style conventions in PEP 257
[0.587s] -- Added test 'uncrustify' to check C / C++ code style
[0.587s] -- Configured uncrustify additional arguments: 
[0.588s] -- Added test 'xmllint' to check XML markup files
[0.590s] -- Configuring done (0.6s)
[0.593s] -- Generating done (0.0s)
[0.594s] -- Build files have been written to: /home/ros-vm/describe_urdf_ws/urdf_example/build/urdf_example
[0.598s] Invoked command in '/home/ros-vm/describe_urdf_ws/urdf_example/build/urdf_example' returned '0': CMAKE_PREFIX_PATH=${CMAKE_PREFIX_PATH}:/opt/ros/kilted DEBUGINFOD_URLS=https://debuginfod.ubuntu.com /usr/bin/cmake /home/ros-vm/describe_urdf_ws/urdf_example -DCMAKE_INSTALL_PREFIX=/home/ros-vm/describe_urdf_ws/urdf_example/install/urdf_example
[0.600s] Invoking command in '/home/ros-vm/describe_urdf_ws/urdf_example/build/urdf_example': CMAKE_PREFIX_PATH=${CMAKE_PREFIX_PATH}:/opt/ros/kilted DEBUGINFOD_URLS=https://debuginfod.ubuntu.com /usr/bin/cmake --build /home/ros-vm/describe_urdf_ws/urdf_example/build/urdf_example -- -j2 -l2
[0.635s] Invoked command in '/home/ros-vm/describe_urdf_ws/urdf_example/build/urdf_example' returned '0': CMAKE_PREFIX_PATH=${CMAKE_PREFIX_PATH}:/opt/ros/kilted DEBUGINFOD_URLS=https://debuginfod.ubuntu.com /usr/bin/cmake --build /home/ros-vm/describe_urdf_ws/urdf_example/build/urdf_example -- -j2 -l2
[0.643s] Invoking command in '/home/ros-vm/describe_urdf_ws/urdf_example/build/urdf_example': CMAKE_PREFIX_PATH=${CMAKE_PREFIX_PATH}:/opt/ros/kilted DEBUGINFOD_URLS=https://debuginfod.ubuntu.com /usr/bin/cmake --install /home/ros-vm/describe_urdf_ws/urdf_example/build/urdf_example
[0.649s] -- Install configuration: ""
[0.649s] -- Installing: /home/ros-vm/describe_urdf_ws/urdf_example/install/urdf_example/share/urdf_example/description
[0.649s] -- Installing: /home/ros-vm/describe_urdf_ws/urdf_example/install/urdf_example/share/urdf_example/description/example_include.xacro
[0.649s] -- Installing: /home/ros-vm/describe_urdf_ws/urdf_example/install/urdf_example/share/urdf_example/description/example_gazebo.xacro
[0.649s] -- Installing: /home/ros-vm/describe_urdf_ws/urdf_example/install/urdf_example/share/urdf_example/description/example_robot.urdf.xacro
[0.650s] -- Installing: /home/ros-vm/describe_urdf_ws/urdf_example/install/urdf_example/share/urdf_example/launch
[0.650s] -- Installing: /home/ros-vm/describe_urdf_ws/urdf_example/install/urdf_example/share/urdf_example/launch/rsp.launch.py
[0.650s] -- Installing: /home/ros-vm/describe_urdf_ws/urdf_example/install/urdf_example/share/urdf_example/launch/rsp_sim.launch.py
[0.650s] -- Installing: /home/ros-vm/describe_urdf_ws/urdf_example/install/urdf_example/share/urdf_example/worlds
[0.650s] -- Installing: /home/ros-vm/describe_urdf_ws/urdf_example/install/urdf_example/share/urdf_example/worlds/test_world.world
[0.650s] -- Installing: /home/ros-vm/describe_urdf_ws/urdf_example/install/urdf_example/share/ament_index/resource_index/package_run_dependencies/urdf_example
[0.651s] -- Installing: /home/ros-vm/describe_urdf_ws/urdf_example/install/urdf_example/share/ament_index/resource_index/parent_prefix_path/urdf_example
[0.651s] -- Installing: /home/ros-vm/describe_urdf_ws/urdf_example/install/urdf_example/share/urdf_example/environment/ament_prefix_path.sh
[0.652s] -- Installing: /home/ros-vm/describe_urdf_ws/urdf_example/install/urdf_example/share/urdf_example/environment/ament_prefix_path.dsv
[0.652s] -- Installing: /home/ros-vm/describe_urdf_ws/urdf_example/install/urdf_example/share/urdf_example/environment/path.sh
[0.652s] -- Installing: /home/ros-vm/describe_urdf_ws/urdf_example/install/urdf_example/share/urdf_example/environment/path.dsv
[0.652s] -- Installing: /home/ros-vm/describe_urdf_ws/urdf_example/install/urdf_example/share/urdf_example/local_setup.bash
[0.652s] -- Installing: /home/ros-vm/describe_urdf_ws/urdf_example/install/urdf_example/share/urdf_example/local_setup.sh
[0.653s] -- Installing: /home/ros-vm/describe_urdf_ws/urdf_example/install/urdf_example/share/urdf_example/local_setup.zsh
[0.653s] -- Installing: /home/ros-vm/describe_urdf_ws/urdf_example/install/urdf_example/share/urdf_example/local_setup.dsv
[0.653s] -- Installing: /home/ros-vm/describe_urdf_ws/urdf_example/install/urdf_example/share/urdf_example/package.dsv
[0.653s] -- Installing: /home/ros-vm/describe_urdf_ws/urdf_example/install/urdf_example/share/ament_index/resource_index/packages/urdf_example
[0.654s] -- Installing: /home/ros-vm/describe_urdf_ws/urdf_example/install/urdf_example/share/urdf_example/cmake/urdf_exampleConfig.cmake
[0.654s] -- Installing: /home/ros-vm/describe_urdf_ws/urdf_example/install/urdf_example/share/urdf_example/cmake/urdf_exampleConfig-version.cmake
[0.654s] -- Installing: /home/ros-vm/describe_urdf_ws/urdf_example/install/urdf_example/share/urdf_example/package.xml
[0.656s] Invoked command in '/home/ros-vm/describe_urdf_ws/urdf_example/build/urdf_example' returned '0': CMAKE_PREFIX_PATH=${CMAKE_PREFIX_PATH}:/opt/ros/kilted DEBUGINFOD_URLS=https://debuginfod.ubuntu.com /usr/bin/cmake --install /home/ros-vm/describe_urdf_ws/urdf_example/build/urdf_example
