[0.010s] Invoking command in '/home/ros-vm/describe_urdf_ws/urdf_example/build/urdf_example': CMAKE_PREFIX_PATH=${CMAKE_PREFIX_PATH}:/opt/ros/kilted DEBUGINFOD_URLS=https://debuginfod.ubuntu.com /usr/bin/cmake --build /home/ros-vm/describe_urdf_ws/urdf_example/build/urdf_example -- -j2 -l2
[0.226s] -- Found ament_cmake: 2.7.3 (/opt/ros/kilted/share/ament_cmake/cmake)
[0.542s] -- Found ament_lint_auto: 0.19.2 (/opt/ros/kilted/share/ament_lint_auto/cmake)
[0.677s] -- Added test 'copyright' to check source files copyright and LICENSE
[0.702s] -- Added test 'cppcheck' to perform static code analysis on C / C++ code
[0.703s] -- Configured cppcheck include dirs: 
[0.704s] -- Configured cppcheck exclude dirs and/or files: 
[0.725s] -- Added test 'cpplint' to check C / C++ code against the Google style
[0.725s] -- Configured cpplint exclude dirs and/or files: 
[0.729s] -- Added test 'flake8' to check Python code syntax and style conventions
[0.730s] -- Configured 'flake8' exclude dirs and/or files: 
[0.736s] -- Added test 'lint_cmake' to check CMake code style
[0.740s] -- Added test 'pep257' to check Python code against some of the docstring style conventions in PEP 257
[0.762s] -- Added test 'uncrustify' to check C / C++ code style
[0.762s] -- Configured uncrustify additional arguments: 
[0.766s] -- Added test 'xmllint' to check XML markup files
[0.768s] -- Configuring done (0.7s)
[0.802s] -- Generating done (0.0s)
[0.809s] -- Build files have been written to: /home/ros-vm/describe_urdf_ws/urdf_example/build/urdf_example
[0.835s] Invoked command in '/home/ros-vm/describe_urdf_ws/urdf_example/build/urdf_example' returned '0': CMAKE_PREFIX_PATH=${CMAKE_PREFIX_PATH}:/opt/ros/kilted DEBUGINFOD_URLS=https://debuginfod.ubuntu.com /usr/bin/cmake --build /home/ros-vm/describe_urdf_ws/urdf_example/build/urdf_example -- -j2 -l2
[0.845s] Invoking command in '/home/ros-vm/describe_urdf_ws/urdf_example/build/urdf_example': CMAKE_PREFIX_PATH=${CMAKE_PREFIX_PATH}:/opt/ros/kilted DEBUGINFOD_URLS=https://debuginfod.ubuntu.com /usr/bin/cmake --install /home/ros-vm/describe_urdf_ws/urdf_example/build/urdf_example
[0.857s] -- Install configuration: ""
[0.857s] -- Up-to-date: /home/ros-vm/describe_urdf_ws/urdf_example/install/urdf_example/share/urdf_example/description
[0.857s] -- Up-to-date: /home/ros-vm/describe_urdf_ws/urdf_example/install/urdf_example/share/urdf_example/description/example_include.xacro
[0.857s] -- Up-to-date: /home/ros-vm/describe_urdf_ws/urdf_example/install/urdf_example/share/urdf_example/description/my_robot.sdf
[0.857s] -- Installing: /home/ros-vm/describe_urdf_ws/urdf_example/install/urdf_example/share/urdf_example/description/example_gazebo.xacro
[0.857s] -- Up-to-date: /home/ros-vm/describe_urdf_ws/urdf_example/install/urdf_example/share/urdf_example/description/example_robot.urdf.xacro
[0.859s] -- Up-to-date: /home/ros-vm/describe_urdf_ws/urdf_example/install/urdf_example/share/urdf_example/launch
[0.859s] -- Up-to-date: /home/ros-vm/describe_urdf_ws/urdf_example/install/urdf_example/share/urdf_example/launch/rsp.launch.py
[0.859s] -- Up-to-date: /home/ros-vm/describe_urdf_ws/urdf_example/install/urdf_example/share/urdf_example/launch/rsp_sim.launch.py
[0.859s] -- Up-to-date: /home/ros-vm/describe_urdf_ws/urdf_example/install/urdf_example/share/urdf_example/worlds
[0.859s] -- Up-to-date: /home/ros-vm/describe_urdf_ws/urdf_example/install/urdf_example/share/urdf_example/worlds/test_world.world
[0.859s] -- Up-to-date: /home/ros-vm/describe_urdf_ws/urdf_example/install/urdf_example/share/urdf_example/worlds/empty.world
[0.859s] -- Installing: /home/ros-vm/describe_urdf_ws/urdf_example/install/urdf_example/share/urdf_example/config
[0.859s] -- Installing: /home/ros-vm/describe_urdf_ws/urdf_example/install/urdf_example/share/urdf_example/config/gz_bridge.yaml
[0.859s] -- Up-to-date: /home/ros-vm/describe_urdf_ws/urdf_example/install/urdf_example/share/ament_index/resource_index/package_run_dependencies/urdf_example
[0.859s] -- Installing: /home/ros-vm/describe_urdf_ws/urdf_example/install/urdf_example/share/ament_index/resource_index/parent_prefix_path/urdf_example
[0.859s] -- Up-to-date: /home/ros-vm/describe_urdf_ws/urdf_example/install/urdf_example/share/urdf_example/environment/ament_prefix_path.sh
[0.859s] -- Up-to-date: /home/ros-vm/describe_urdf_ws/urdf_example/install/urdf_example/share/urdf_example/environment/ament_prefix_path.dsv
[0.859s] -- Up-to-date: /home/ros-vm/describe_urdf_ws/urdf_example/install/urdf_example/share/urdf_example/environment/path.sh
[0.859s] -- Up-to-date: /home/ros-vm/describe_urdf_ws/urdf_example/install/urdf_example/share/urdf_example/environment/path.dsv
[0.859s] -- Up-to-date: /home/ros-vm/describe_urdf_ws/urdf_example/install/urdf_example/share/urdf_example/local_setup.bash
[0.859s] -- Up-to-date: /home/ros-vm/describe_urdf_ws/urdf_example/install/urdf_example/share/urdf_example/local_setup.sh
[0.859s] -- Up-to-date: /home/ros-vm/describe_urdf_ws/urdf_example/install/urdf_example/share/urdf_example/local_setup.zsh
[0.859s] -- Up-to-date: /home/ros-vm/describe_urdf_ws/urdf_example/install/urdf_example/share/urdf_example/local_setup.dsv
[0.860s] -- Installing: /home/ros-vm/describe_urdf_ws/urdf_example/install/urdf_example/share/urdf_example/package.dsv
[0.860s] -- Up-to-date: /home/ros-vm/describe_urdf_ws/urdf_example/install/urdf_example/share/ament_index/resource_index/packages/urdf_example
[0.860s] -- Up-to-date: /home/ros-vm/describe_urdf_ws/urdf_example/install/urdf_example/share/urdf_example/cmake/urdf_exampleConfig.cmake
[0.862s] -- Up-to-date: /home/ros-vm/describe_urdf_ws/urdf_example/install/urdf_example/share/urdf_example/cmake/urdf_exampleConfig-version.cmake
[0.862s] -- Up-to-date: /home/ros-vm/describe_urdf_ws/urdf_example/install/urdf_example/share/urdf_example/package.xml
[0.862s] Invoked command in '/home/ros-vm/describe_urdf_ws/urdf_example/build/urdf_example' returned '0': CMAKE_PREFIX_PATH=${CMAKE_PREFIX_PATH}:/opt/ros/kilted DEBUGINFOD_URLS=https://debuginfod.ubuntu.com /usr/bin/cmake --install /home/ros-vm/describe_urdf_ws/urdf_example/build/urdf_example
